root: INFO: Namespace(alpha=1, batch_size=64, beta=1e-06, bits='16,24', epochs=60, gamma=0.1, gpu='0', learning_rate=0.0001, n_class=21, temp1=1, temp2=1.0, update_list='70')
root: INFO: 16
root: INFO: [Iteration:   1/ 60][Train Loss: 86.5910][Time: 149.076 secs]
root: INFO: [Iteration:   2/ 60][Train Loss: 63.6447][Time: 147.872 secs]
root: INFO: [Iteration:   3/ 60][Train Loss: 57.9830][Time: 147.419 secs]
root: INFO: [Iteration:   4/ 60][Train Loss: 64.0546][Time: 147.825 secs]
root: INFO: [Iteration:   5/ 60][Train Loss: 61.9279][Time: 148.006 secs]
root: INFO: [Iteration:   6/ 60][Train Loss: 61.4225][Time: 147.833 secs]
root: INFO: [Iteration:   7/ 60][Train Loss: 62.1446][Time: 147.012 secs]
root: INFO: [Iteration:   8/ 60][Train Loss: 45.5229][Time: 147.200 secs]
root: INFO: [Iteration:   9/ 60][Train Loss: 51.8310][Time: 147.559 secs]
root: INFO: [Iteration:  10/ 60][Train Loss: 49.0926][Time: 147.231 secs]
root: INFO: [Iteration:  11/ 60][Train Loss: 54.5675][Time: 147.918 secs]
root: INFO: [Iteration:  12/ 60][Train Loss: 40.1998][Time: 147.184 secs]
root: INFO: [Iteration:  13/ 60][Train Loss: 79.3073][Time: 147.028 secs]
root: INFO: [Iteration:  14/ 60][Train Loss: 31.2705][Time: 147.575 secs]
root: INFO: [Iteration:  15/ 60][Train Loss: 39.5283][Time: 147.544 secs]
root: INFO: [Iteration:  16/ 60][Train Loss: 47.4357][Time: 147.028 secs]
root: INFO: [Iteration:  17/ 60][Train Loss: 54.2235][Time: 147.169 secs]
root: INFO: [Iteration:  18/ 60][Train Loss: 37.0732][Time: 147.465 secs]
root: INFO: [Iteration:  19/ 60][Train Loss: 48.3710][Time: 147.465 secs]
root: INFO: [Iteration:  20/ 60][Train Loss: 31.5319][Time: 147.278 secs]
root: INFO: [Iteration:  21/ 60][Train Loss: 45.0550][Time: 147.700 secs]
root: INFO: [Iteration:  22/ 60][Train Loss: 60.0892][Time: 147.825 secs]
root: INFO: [Iteration:  23/ 60][Train Loss: 51.7126][Time: 146.950 secs]
root: INFO: [Iteration:  24/ 60][Train Loss: 39.2463][Time: 147.091 secs]
root: INFO: [Iteration:  25/ 60][Train Loss: 41.0528][Time: 147.764 secs]
root: INFO: [Iteration:  26/ 60][Train Loss: 32.6750][Time: 147.879 secs]
root: INFO: [Iteration:  27/ 60][Train Loss: 53.4934][Time: 147.012 secs]
root: INFO: [Iteration:  28/ 60][Train Loss: 50.5844][Time: 147.622 secs]
root: INFO: [Iteration:  29/ 60][Train Loss: 34.0857][Time: 147.091 secs]
root: INFO: [Iteration:  30/ 60][Train Loss: 45.9525][Time: 147.184 secs]
root: INFO: [Iteration:  31/ 60][Train Loss: 37.0526][Time: 146.872 secs]
root: INFO: [Iteration:  32/ 60][Train Loss: 33.1769][Time: 146.778 secs]
root: INFO: [Iteration:  33/ 60][Train Loss: 52.5629][Time: 147.434 secs]
root: INFO: [Iteration:  34/ 60][Train Loss: 37.7179][Time: 147.184 secs]
root: INFO: [Iteration:  35/ 60][Train Loss: 40.8266][Time: 147.278 secs]
root: INFO: [Iteration:  36/ 60][Train Loss: 38.8556][Time: 147.747 secs]
root: INFO: [Iteration:  37/ 60][Train Loss: 33.5788][Time: 147.122 secs]
root: INFO: [Iteration:  38/ 60][Train Loss: 34.8331][Time: 147.122 secs]
root: INFO: [Iteration:  39/ 60][Train Loss: 64.8475][Time: 146.997 secs]
root: INFO: [Iteration:  40/ 60][Train Loss: 46.1846][Time: 147.340 secs]
root: INFO: [Iteration:  41/ 60][Train Loss: 32.7562][Time: 147.590 secs]
root: INFO: [Iteration:  42/ 60][Train Loss: 26.9813][Time: 147.294 secs]
root: INFO: [Iteration:  43/ 60][Train Loss: 33.1308][Time: 147.528 secs]
root: INFO: [Iteration:  44/ 60][Train Loss: 29.3103][Time: 147.493 secs]
root: INFO: [Iteration:  45/ 60][Train Loss: 49.1953][Time: 147.679 secs]
root: INFO: [Iteration:  46/ 60][Train Loss: 31.4610][Time: 147.153 secs]
root: INFO: [Iteration:  47/ 60][Train Loss: 40.6005][Time: 147.059 secs]
root: INFO: [Iteration:  48/ 60][Train Loss: 27.6370][Time: 147.153 secs]
root: INFO: [Iteration:  49/ 60][Train Loss: 49.6148][Time: 147.184 secs]
root: INFO: [Iteration:  50/ 60][Train Loss: 37.1975][Time: 147.434 secs]
root: INFO: [Iteration:  51/ 60][Train Loss: 48.1170][Time: 155.120 secs]
root: INFO: [Iteration:  52/ 60][Train Loss: 49.3726][Time: 158.494 secs]
root: INFO: [Iteration:  53/ 60][Train Loss: 40.1762][Time: 147.184 secs]
root: INFO: [Iteration:  54/ 60][Train Loss: 30.6737][Time: 147.028 secs]
root: INFO: [Iteration:  55/ 60][Train Loss: 43.4818][Time: 147.434 secs]
root: INFO: [Iteration:  56/ 60][Train Loss: 47.4873][Time: 147.715 secs]
root: INFO: [Iteration:  57/ 60][Train Loss: 46.6898][Time: 146.934 secs]
root: INFO: [Iteration:  58/ 60][Train Loss: 48.5680][Time: 147.169 secs]
root: INFO: [Iteration:  59/ 60][Train Loss: 36.7141][Time: 147.340 secs]
root: INFO: [Iteration:  60/ 60][Train Loss: 23.4618][Time: 147.059 secs]
root: INFO: [Evaluation: old top-50 mAP: 0.9038, top-50 mAP: 0.8719, top-100 NDCG: 0.4542, top-100 ACG: 2.0482]
root: INFO: Namespace(alpha=1, batch_size=64, beta=1e-06, bits='16,24', epochs=60, gamma=0.1, gpu='0', learning_rate=0.0001, n_class=21, temp1=1, temp2=1.0, update_list='70')
root: INFO: 24
root: INFO: [Iteration:   1/ 60][Train Loss: 85.4328][Time: 147.618 secs]
root: INFO: [Iteration:   2/ 60][Train Loss: 58.3430][Time: 147.278 secs]
root: INFO: [Iteration:   3/ 60][Train Loss: 52.5440][Time: 147.153 secs]
root: INFO: [Iteration:   4/ 60][Train Loss: 61.5586][Time: 146.622 secs]
root: INFO: [Iteration:   5/ 60][Train Loss: 50.4446][Time: 147.294 secs]
root: INFO: [Iteration:   6/ 60][Train Loss: 89.0790][Time: 146.559 secs]
root: INFO: [Iteration:   7/ 60][Train Loss: 71.0945][Time: 147.075 secs]
root: INFO: [Iteration:   8/ 60][Train Loss: 48.4932][Time: 146.716 secs]
root: INFO: [Iteration:   9/ 60][Train Loss: 47.5783][Time: 147.059 secs]
root: INFO: [Iteration:  10/ 60][Train Loss: 37.2457][Time: 147.778 secs]
root: INFO: [Iteration:  11/ 60][Train Loss: 75.3296][Time: 147.106 secs]
root: INFO: [Iteration:  12/ 60][Train Loss: 47.4572][Time: 146.356 secs]
root: INFO: [Iteration:  13/ 60][Train Loss: 53.9979][Time: 147.309 secs]
root: INFO: [Iteration:  14/ 60][Train Loss: 45.4082][Time: 146.653 secs]
root: INFO: [Iteration:  15/ 60][Train Loss: 58.9545][Time: 147.012 secs]
root: INFO: [Iteration:  16/ 60][Train Loss: 45.6277][Time: 146.872 secs]
root: INFO: [Iteration:  17/ 60][Train Loss: 48.3488][Time: 147.903 secs]
root: INFO: [Iteration:  18/ 60][Train Loss: 65.0833][Time: 146.825 secs]
root: INFO: [Iteration:  19/ 60][Train Loss: 49.8798][Time: 147.231 secs]
root: INFO: [Iteration:  20/ 60][Train Loss: 55.5565][Time: 146.964 secs]
root: INFO: [Iteration:  21/ 60][Train Loss: 57.6614][Time: 147.294 secs]
root: INFO: [Iteration:  22/ 60][Train Loss: 49.8136][Time: 146.669 secs]
root: INFO: [Iteration:  23/ 60][Train Loss: 24.9512][Time: 147.044 secs]
root: INFO: [Iteration:  24/ 60][Train Loss: 42.4060][Time: 147.278 secs]
root: INFO: [Iteration:  25/ 60][Train Loss: 40.4378][Time: 147.169 secs]
root: INFO: [Iteration:  26/ 60][Train Loss: 35.2046][Time: 147.122 secs]
root: INFO: [Iteration:  27/ 60][Train Loss: 45.2992][Time: 146.966 secs]
root: INFO: [Iteration:  28/ 60][Train Loss: 48.1239][Time: 146.778 secs]
root: INFO: [Iteration:  29/ 60][Train Loss: 41.2733][Time: 147.215 secs]
root: INFO: [Iteration:  30/ 60][Train Loss: 32.3508][Time: 146.919 secs]
root: INFO: [Iteration:  31/ 60][Train Loss: 45.9886][Time: 147.012 secs]
root: INFO: [Iteration:  32/ 60][Train Loss: 45.1727][Time: 146.544 secs]
root: INFO: [Iteration:  33/ 60][Train Loss: 25.6662][Time: 147.231 secs]
root: INFO: [Iteration:  34/ 60][Train Loss: 42.5402][Time: 146.481 secs]
root: INFO: [Iteration:  35/ 60][Train Loss: 33.6308][Time: 147.059 secs]
root: INFO: [Iteration:  36/ 60][Train Loss: 36.1482][Time: 146.731 secs]
root: INFO: [Iteration:  37/ 60][Train Loss: 26.0534][Time: 147.231 secs]
root: INFO: [Iteration:  38/ 60][Train Loss: 46.6436][Time: 146.544 secs]
root: INFO: [Iteration:  39/ 60][Train Loss: 51.6352][Time: 147.173 secs]
root: INFO: [Iteration:  40/ 60][Train Loss: 22.6224][Time: 146.762 secs]
root: INFO: [Iteration:  41/ 60][Train Loss: 40.0688][Time: 147.153 secs]
root: INFO: [Iteration:  42/ 60][Train Loss: 27.5045][Time: 146.653 secs]
root: INFO: [Iteration:  43/ 60][Train Loss: 45.0320][Time: 146.887 secs]
root: INFO: [Iteration:  44/ 60][Train Loss: 39.1513][Time: 146.950 secs]
root: INFO: [Iteration:  45/ 60][Train Loss: 26.9750][Time: 146.887 secs]
root: INFO: [Iteration:  46/ 60][Train Loss: 38.5615][Time: 147.637 secs]
root: INFO: [Iteration:  47/ 60][Train Loss: 33.2804][Time: 147.262 secs]
root: INFO: [Iteration:  48/ 60][Train Loss: 27.7509][Time: 146.700 secs]
root: INFO: [Iteration:  49/ 60][Train Loss: 30.1618][Time: 147.809 secs]
root: INFO: [Iteration:  50/ 60][Train Loss: 44.6447][Time: 146.794 secs]
root: INFO: [Iteration:  51/ 60][Train Loss: 27.1390][Time: 147.544 secs]
root: INFO: [Iteration:  52/ 60][Train Loss: 30.7714][Time: 146.919 secs]
root: INFO: [Iteration:  53/ 60][Train Loss: 38.3921][Time: 147.325 secs]
root: INFO: [Iteration:  54/ 60][Train Loss: 47.2706][Time: 146.419 secs]
root: INFO: [Iteration:  55/ 60][Train Loss: 31.6618][Time: 147.028 secs]
root: INFO: [Iteration:  56/ 60][Train Loss: 34.3996][Time: 146.762 secs]
root: INFO: [Iteration:  57/ 60][Train Loss: 25.1793][Time: 147.294 secs]
root: INFO: [Iteration:  58/ 60][Train Loss: 36.0279][Time: 146.847 secs]
root: INFO: [Iteration:  59/ 60][Train Loss: 27.8685][Time: 147.184 secs]
root: INFO: [Iteration:  60/ 60][Train Loss: 16.2857][Time: 146.653 secs]
root: INFO: [Evaluation: old top-50 mAP: 0.9109, top-50 mAP: 0.8811, top-100 NDCG: 0.4782, top-100 ACG: 2.1221]
