root: INFO: Namespace(alpha=1, batch_size=64, beta=1e-06, bits='8,32', epochs=60, gamma=0.1, gpu='0', learning_rate=0.0001, n_class=21, temp1=1, temp2=1.0, update_list='70')
root: INFO: 8
root: INFO: [Iteration:   1/ 60][Train Loss: 100.1888][Time: 148.465 secs]
root: INFO: [Iteration:   2/ 60][Train Loss: 78.8883][Time: 147.762 secs]
root: INFO: [Iteration:   3/ 60][Train Loss: 96.5249][Time: 146.981 secs]
root: INFO: [Iteration:   4/ 60][Train Loss: 63.0620][Time: 147.467 secs]
root: INFO: [Iteration:   5/ 60][Train Loss: 56.8532][Time: 150.802 secs]
root: INFO: [Iteration:   6/ 60][Train Loss: 71.4170][Time: 147.372 secs]
root: INFO: [Iteration:   7/ 60][Train Loss: 64.4909][Time: 147.215 secs]
root: INFO: [Iteration:   8/ 60][Train Loss: 43.9615][Time: 147.497 secs]
root: INFO: [Iteration:   9/ 60][Train Loss: 53.4229][Time: 146.997 secs]
root: INFO: [Iteration:  10/ 60][Train Loss: 41.4908][Time: 146.950 secs]
root: INFO: [Iteration:  11/ 60][Train Loss: 60.4895][Time: 146.981 secs]
root: INFO: [Iteration:  12/ 60][Train Loss: 47.0895][Time: 147.247 secs]
root: INFO: [Iteration:  13/ 60][Train Loss: 72.1994][Time: 146.669 secs]
root: INFO: [Iteration:  14/ 60][Train Loss: 75.3320][Time: 147.169 secs]
root: INFO: [Iteration:  15/ 60][Train Loss: 42.9693][Time: 146.575 secs]
root: INFO: [Iteration:  16/ 60][Train Loss: 62.9377][Time: 147.450 secs]
root: INFO: [Iteration:  17/ 60][Train Loss: 47.3337][Time: 146.762 secs]
root: INFO: [Iteration:  18/ 60][Train Loss: 52.4557][Time: 147.309 secs]
root: INFO: [Iteration:  19/ 60][Train Loss: 54.9377][Time: 146.841 secs]
root: INFO: [Iteration:  20/ 60][Train Loss: 44.0932][Time: 147.887 secs]
root: INFO: [Iteration:  21/ 60][Train Loss: 51.4633][Time: 146.622 secs]
root: INFO: [Iteration:  22/ 60][Train Loss: 73.9581][Time: 147.012 secs]
root: INFO: [Iteration:  23/ 60][Train Loss: 51.5781][Time: 147.084 secs]
root: INFO: [Iteration:  24/ 60][Train Loss: 66.7022][Time: 147.748 secs]
root: INFO: [Iteration:  25/ 60][Train Loss: 49.1384][Time: 146.637 secs]
root: INFO: [Iteration:  26/ 60][Train Loss: 41.0455][Time: 147.106 secs]
root: INFO: [Iteration:  27/ 60][Train Loss: 45.7496][Time: 147.059 secs]
root: INFO: [Iteration:  28/ 60][Train Loss: 54.4837][Time: 147.091 secs]
root: INFO: [Iteration:  29/ 60][Train Loss: 59.0482][Time: 158.127 secs]
root: INFO: [Iteration:  30/ 60][Train Loss: 55.7262][Time: 149.824 secs]
root: INFO: [Iteration:  31/ 60][Train Loss: 56.5151][Time: 147.512 secs]
root: INFO: [Iteration:  32/ 60][Train Loss: 32.0754][Time: 147.544 secs]
root: INFO: [Iteration:  33/ 60][Train Loss: 41.4236][Time: 147.075 secs]
root: INFO: [Iteration:  34/ 60][Train Loss: 47.7259][Time: 147.559 secs]
root: INFO: [Iteration:  35/ 60][Train Loss: 46.7126][Time: 147.544 secs]
root: INFO: [Iteration:  36/ 60][Train Loss: 43.7489][Time: 147.169 secs]
root: INFO: [Iteration:  37/ 60][Train Loss: 53.8550][Time: 146.809 secs]
root: INFO: [Iteration:  38/ 60][Train Loss: 41.3562][Time: 147.169 secs]
root: INFO: [Iteration:  39/ 60][Train Loss: 55.6022][Time: 147.028 secs]
root: INFO: [Iteration:  40/ 60][Train Loss: 53.3173][Time: 147.372 secs]
root: INFO: [Iteration:  41/ 60][Train Loss: 48.3843][Time: 147.012 secs]
root: INFO: [Iteration:  42/ 60][Train Loss: 23.9476][Time: 147.669 secs]
root: INFO: [Iteration:  43/ 60][Train Loss: 39.0057][Time: 146.883 secs]
root: INFO: [Iteration:  44/ 60][Train Loss: 55.7434][Time: 147.669 secs]
root: INFO: [Iteration:  45/ 60][Train Loss: 42.7732][Time: 147.169 secs]
root: INFO: [Iteration:  46/ 60][Train Loss: 33.3918][Time: 147.153 secs]
root: INFO: [Iteration:  47/ 60][Train Loss: 53.1336][Time: 147.325 secs]
root: INFO: [Iteration:  48/ 60][Train Loss: 28.8461][Time: 147.950 secs]
root: INFO: [Iteration:  49/ 60][Train Loss: 41.7167][Time: 146.669 secs]
root: INFO: [Iteration:  50/ 60][Train Loss: 49.4066][Time: 147.887 secs]
root: INFO: [Iteration:  51/ 60][Train Loss: 54.6105][Time: 146.887 secs]
root: INFO: [Iteration:  52/ 60][Train Loss: 55.9550][Time: 147.544 secs]
root: INFO: [Iteration:  53/ 60][Train Loss: 41.9800][Time: 147.231 secs]
root: INFO: [Iteration:  54/ 60][Train Loss: 38.2326][Time: 147.325 secs]
root: INFO: [Iteration:  55/ 60][Train Loss: 42.2252][Time: 146.966 secs]
root: INFO: [Iteration:  56/ 60][Train Loss: 39.4657][Time: 147.278 secs]
root: INFO: [Iteration:  57/ 60][Train Loss: 46.2841][Time: 147.215 secs]
root: INFO: [Iteration:  58/ 60][Train Loss: 23.8448][Time: 147.231 secs]
root: INFO: [Iteration:  59/ 60][Train Loss: 59.7480][Time: 147.465 secs]
root: INFO: [Iteration:  60/ 60][Train Loss: 49.3698][Time: 147.340 secs]
root: INFO: [Evaluation: old top-50 mAP: 0.8865, top-50 mAP: 0.8362, top-100 NDCG: 0.4043, top-100 ACG: 1.9052]
root: INFO: Namespace(alpha=1, batch_size=64, beta=1e-06, bits='8,32', epochs=60, gamma=0.1, gpu='0', learning_rate=0.0001, n_class=21, temp1=1, temp2=1.0, update_list='70')
root: INFO: 32
root: INFO: [Iteration:   1/ 60][Train Loss: 75.7348][Time: 149.403 secs]
root: INFO: [Iteration:   2/ 60][Train Loss: 72.3395][Time: 146.825 secs]
root: INFO: [Iteration:   3/ 60][Train Loss: 69.9044][Time: 146.841 secs]
root: INFO: [Iteration:   4/ 60][Train Loss: 47.6757][Time: 147.075 secs]
root: INFO: [Iteration:   5/ 60][Train Loss: 60.0804][Time: 147.356 secs]
root: INFO: [Iteration:   6/ 60][Train Loss: 50.1568][Time: 147.294 secs]
root: INFO: [Iteration:   7/ 60][Train Loss: 46.6336][Time: 146.981 secs]
root: INFO: [Iteration:   8/ 60][Train Loss: 50.5859][Time: 146.981 secs]
root: INFO: [Iteration:   9/ 60][Train Loss: 34.6787][Time: 147.028 secs]
root: INFO: [Iteration:  10/ 60][Train Loss: 61.2712][Time: 147.044 secs]
root: INFO: [Iteration:  11/ 60][Train Loss: 65.4622][Time: 147.387 secs]
root: INFO: [Iteration:  12/ 60][Train Loss: 58.2137][Time: 147.137 secs]
root: INFO: [Iteration:  13/ 60][Train Loss: 56.9001][Time: 147.278 secs]
root: INFO: [Iteration:  14/ 60][Train Loss: 40.6459][Time: 146.653 secs]
root: INFO: [Iteration:  15/ 60][Train Loss: 43.7008][Time: 146.903 secs]
root: INFO: [Iteration:  16/ 60][Train Loss: 41.5647][Time: 147.637 secs]
root: INFO: [Iteration:  17/ 60][Train Loss: 52.9840][Time: 148.590 secs]
root: INFO: [Iteration:  18/ 60][Train Loss: 51.5988][Time: 147.840 secs]
root: INFO: [Iteration:  19/ 60][Train Loss: 46.0966][Time: 147.136 secs]
root: INFO: [Iteration:  20/ 60][Train Loss: 38.0696][Time: 147.465 secs]
root: INFO: [Iteration:  21/ 60][Train Loss: 46.6296][Time: 147.075 secs]
root: INFO: [Iteration:  22/ 60][Train Loss: 35.0008][Time: 146.794 secs]
root: INFO: [Iteration:  23/ 60][Train Loss: 48.9123][Time: 146.966 secs]
root: INFO: [Iteration:  24/ 60][Train Loss: 30.6539][Time: 147.247 secs]
root: INFO: [Iteration:  25/ 60][Train Loss: 48.8381][Time: 147.153 secs]
root: INFO: [Iteration:  26/ 60][Train Loss: 44.0278][Time: 147.059 secs]
root: INFO: [Iteration:  27/ 60][Train Loss: 37.0395][Time: 147.044 secs]
root: INFO: [Iteration:  28/ 60][Train Loss: 31.4869][Time: 147.325 secs]
root: INFO: [Iteration:  29/ 60][Train Loss: 35.6029][Time: 146.997 secs]
root: INFO: [Iteration:  30/ 60][Train Loss: 40.2593][Time: 147.028 secs]
root: INFO: [Iteration:  31/ 60][Train Loss: 46.5954][Time: 147.215 secs]
root: INFO: [Iteration:  32/ 60][Train Loss: 43.1473][Time: 147.028 secs]
root: INFO: [Iteration:  33/ 60][Train Loss: 37.9616][Time: 147.825 secs]
root: INFO: [Iteration:  34/ 60][Train Loss: 34.9456][Time: 147.200 secs]
root: INFO: [Iteration:  35/ 60][Train Loss: 40.3937][Time: 146.934 secs]
root: INFO: [Iteration:  36/ 60][Train Loss: 38.3693][Time: 147.590 secs]
root: INFO: [Iteration:  37/ 60][Train Loss: 46.3502][Time: 147.450 secs]
root: INFO: [Iteration:  38/ 60][Train Loss: 26.5803][Time: 147.608 secs]
root: INFO: [Iteration:  39/ 60][Train Loss: 39.0885][Time: 147.091 secs]
root: INFO: [Iteration:  40/ 60][Train Loss: 26.1506][Time: 147.637 secs]
root: INFO: [Iteration:  41/ 60][Train Loss: 27.6870][Time: 146.950 secs]
root: INFO: [Iteration:  42/ 60][Train Loss: 53.2355][Time: 147.309 secs]
root: INFO: [Iteration:  43/ 60][Train Loss: 18.7261][Time: 147.122 secs]
root: INFO: [Iteration:  44/ 60][Train Loss: 36.5960][Time: 147.528 secs]
root: INFO: [Iteration:  45/ 60][Train Loss: 36.6851][Time: 146.700 secs]
root: INFO: [Iteration:  46/ 60][Train Loss: 35.7260][Time: 147.325 secs]
root: INFO: [Iteration:  47/ 60][Train Loss: 37.1075][Time: 147.106 secs]
root: INFO: [Iteration:  48/ 60][Train Loss: 29.2376][Time: 147.856 secs]
root: INFO: [Iteration:  49/ 60][Train Loss: 43.6020][Time: 147.028 secs]
root: INFO: [Iteration:  50/ 60][Train Loss: 39.4604][Time: 147.075 secs]
root: INFO: [Iteration:  51/ 60][Train Loss: 39.3951][Time: 147.153 secs]
root: INFO: [Iteration:  52/ 60][Train Loss: 21.1582][Time: 147.340 secs]
root: INFO: [Iteration:  53/ 60][Train Loss: 23.7150][Time: 147.075 secs]
root: INFO: [Iteration:  54/ 60][Train Loss: 31.0208][Time: 147.340 secs]
root: INFO: [Iteration:  55/ 60][Train Loss: 41.4350][Time: 147.106 secs]
root: INFO: [Iteration:  56/ 60][Train Loss: 36.6999][Time: 147.182 secs]
root: INFO: [Iteration:  57/ 60][Train Loss: 24.6194][Time: 147.252 secs]
root: INFO: [Iteration:  58/ 60][Train Loss: 45.3232][Time: 146.919 secs]
root: INFO: [Iteration:  59/ 60][Train Loss: 31.7989][Time: 147.247 secs]
root: INFO: [Iteration:  60/ 60][Train Loss: 31.5172][Time: 147.012 secs]
root: INFO: [Evaluation: old top-50 mAP: 0.9159, top-50 mAP: 0.8871, top-100 NDCG: 0.4907, top-100 ACG: 2.1524]
