root: INFO: Namespace(arch='DVStH', batch_size=64, bits='8,32', epochs=60, eta=1e-06, gpu='0', learning_rate=0.0001, n_class=21, update_list='70')
root: INFO: 8
root: INFO: [Iteration:   1/ 60][Train Loss: 263.1891][Time: 162.930 secs]
root: INFO: [Iteration:   2/ 60][Train Loss: 241.4221][Time: 157.385 secs]
root: INFO: [Iteration:   3/ 60][Train Loss: 139.6774][Time: 158.197 secs]
root: INFO: [Iteration:   4/ 60][Train Loss: 191.6564][Time: 157.276 secs]
root: INFO: [Iteration:   5/ 60][Train Loss: 126.6067][Time: 157.073 secs]
root: INFO: [Iteration:   6/ 60][Train Loss: 132.3661][Time: 157.182 secs]
root: INFO: [Iteration:   7/ 60][Train Loss: 138.3436][Time: 156.713 secs]
root: INFO: [Iteration:   8/ 60][Train Loss: 125.4848][Time: 157.291 secs]
root: INFO: [Iteration:   9/ 60][Train Loss: 97.0026][Time: 156.760 secs]
root: INFO: [Iteration:  10/ 60][Train Loss: 76.6824][Time: 156.823 secs]
root: INFO: [Iteration:  11/ 60][Train Loss: 62.9268][Time: 156.901 secs]
root: INFO: [Iteration:  12/ 60][Train Loss: 133.8332][Time: 156.932 secs]
root: INFO: [Iteration:  13/ 60][Train Loss: 97.1221][Time: 156.869 secs]
root: INFO: [Iteration:  14/ 60][Train Loss: 114.3270][Time: 156.948 secs]
root: INFO: [Iteration:  15/ 60][Train Loss: 143.4235][Time: 156.651 secs]
root: INFO: [Iteration:  16/ 60][Train Loss: 62.4281][Time: 157.073 secs]
root: INFO: [Iteration:  17/ 60][Train Loss: 109.8671][Time: 158.251 secs]
root: INFO: [Iteration:  18/ 60][Train Loss: 95.0796][Time: 157.041 secs]
root: INFO: [Iteration:  19/ 60][Train Loss: 106.3797][Time: 157.010 secs]
root: INFO: [Iteration:  20/ 60][Train Loss: 112.1836][Time: 157.276 secs]
root: INFO: [Iteration:  21/ 60][Train Loss: 84.9008][Time: 156.948 secs]
root: INFO: [Iteration:  22/ 60][Train Loss: 83.1771][Time: 157.073 secs]
root: INFO: [Iteration:  23/ 60][Train Loss: 79.9222][Time: 156.760 secs]
root: INFO: [Iteration:  24/ 60][Train Loss: 87.2208][Time: 158.572 secs]
root: INFO: [Iteration:  25/ 60][Train Loss: 86.4692][Time: 156.979 secs]
root: INFO: [Iteration:  26/ 60][Train Loss: 111.5949][Time: 156.932 secs]
root: INFO: [Iteration:  27/ 60][Train Loss: 80.6016][Time: 157.432 secs]
root: INFO: [Iteration:  28/ 60][Train Loss: 93.9211][Time: 158.699 secs]
root: INFO: [Iteration:  29/ 60][Train Loss: 77.1338][Time: 157.494 secs]
root: INFO: [Iteration:  30/ 60][Train Loss: 74.0294][Time: 157.198 secs]
root: INFO: [Iteration:  31/ 60][Train Loss: 52.5992][Time: 158.322 secs]
root: INFO: [Iteration:  32/ 60][Train Loss: 100.7894][Time: 157.369 secs]
root: INFO: [Iteration:  33/ 60][Train Loss: 78.6434][Time: 156.901 secs]
root: INFO: [Iteration:  34/ 60][Train Loss: 90.6169][Time: 156.666 secs]
root: INFO: [Iteration:  35/ 60][Train Loss: 75.0083][Time: 157.091 secs]
root: INFO: [Iteration:  36/ 60][Train Loss: 53.8473][Time: 156.790 secs]
root: INFO: [Iteration:  37/ 60][Train Loss: 64.9277][Time: 157.447 secs]
root: INFO: [Iteration:  38/ 60][Train Loss: 101.9597][Time: 160.530 secs]
root: INFO: [Iteration:  39/ 60][Train Loss: 54.9158][Time: 157.479 secs]
root: INFO: [Iteration:  40/ 60][Train Loss: 84.0404][Time: 157.291 secs]
root: INFO: [Iteration:  41/ 60][Train Loss: 70.0903][Time: 157.198 secs]
root: INFO: [Iteration:  42/ 60][Train Loss: 60.4049][Time: 157.479 secs]
root: INFO: [Iteration:  43/ 60][Train Loss: 64.5538][Time: 157.026 secs]
root: INFO: [Iteration:  44/ 60][Train Loss: 61.7776][Time: 156.776 secs]
root: INFO: [Iteration:  45/ 60][Train Loss: 40.7269][Time: 158.416 secs]
root: INFO: [Iteration:  46/ 60][Train Loss: 40.7719][Time: 156.745 secs]
root: INFO: [Iteration:  47/ 60][Train Loss: 60.5626][Time: 157.322 secs]
root: INFO: [Iteration:  48/ 60][Train Loss: 32.6736][Time: 158.182 secs]
root: INFO: [Iteration:  49/ 60][Train Loss: 50.2750][Time: 157.073 secs]
root: INFO: [Iteration:  50/ 60][Train Loss: 72.8795][Time: 158.104 secs]
root: INFO: [Iteration:  51/ 60][Train Loss: 46.1493][Time: 157.307 secs]
root: INFO: [Iteration:  52/ 60][Train Loss: 70.6036][Time: 157.619 secs]
root: INFO: [Iteration:  53/ 60][Train Loss: 56.6488][Time: 156.666 secs]
root: INFO: [Iteration:  54/ 60][Train Loss: 40.7638][Time: 156.794 secs]
root: INFO: [Iteration:  55/ 60][Train Loss: 56.0042][Time: 156.776 secs]
root: INFO: [Iteration:  56/ 60][Train Loss: 38.8157][Time: 157.057 secs]
root: INFO: [Iteration:  57/ 60][Train Loss: 66.3798][Time: 156.823 secs]
root: INFO: [Iteration:  58/ 60][Train Loss: 25.6477][Time: 158.994 secs]
root: INFO: [Iteration:  59/ 60][Train Loss: 39.4117][Time: 158.010 secs]
root: INFO: [Iteration:  60/ 60][Train Loss: 45.2883][Time: 157.119 secs]
root: INFO: [Evaluation: old top-50 mAP: 0.7514, top-50 mAP: 0.6878, top-100 NDCG: 0.2651, top-100 ACG: 1.4993]
root: INFO: Namespace(arch='DVStH', batch_size=64, bits='8,32', epochs=60, eta=1e-06, gpu='0', learning_rate=0.0001, n_class=21, update_list='70')
root: INFO: 32
root: INFO: [Iteration:   1/ 60][Train Loss: 167.5866][Time: 155.901 secs]
root: INFO: [Iteration:   2/ 60][Train Loss: 127.0682][Time: 155.401 secs]
root: INFO: [Iteration:   3/ 60][Train Loss: 143.1985][Time: 158.683 secs]
root: INFO: [Iteration:   4/ 60][Train Loss: 82.5070][Time: 155.651 secs]
root: INFO: [Iteration:   5/ 60][Train Loss: 97.7508][Time: 156.307 secs]
root: INFO: [Iteration:   6/ 60][Train Loss: 73.0537][Time: 155.510 secs]
root: INFO: [Iteration:   7/ 60][Train Loss: 57.4644][Time: 156.198 secs]
root: INFO: [Iteration:   8/ 60][Train Loss: 74.6086][Time: 155.354 secs]
root: INFO: [Iteration:   9/ 60][Train Loss: 69.7509][Time: 155.838 secs]
root: INFO: [Iteration:  10/ 60][Train Loss: 56.4246][Time: 156.128 secs]
root: INFO: [Iteration:  11/ 60][Train Loss: 95.3217][Time: 155.589 secs]
root: INFO: [Iteration:  12/ 60][Train Loss: 62.2944][Time: 156.807 secs]
root: INFO: [Iteration:  13/ 60][Train Loss: 47.0183][Time: 155.385 secs]
root: INFO: [Iteration:  14/ 60][Train Loss: 101.9475][Time: 156.541 secs]
root: INFO: [Iteration:  15/ 60][Train Loss: 86.9995][Time: 157.560 secs]
root: INFO: [Iteration:  16/ 60][Train Loss: 43.9867][Time: 155.948 secs]
root: INFO: [Iteration:  17/ 60][Train Loss: 75.4784][Time: 155.885 secs]
root: INFO: [Iteration:  18/ 60][Train Loss: 94.9366][Time: 155.807 secs]
root: INFO: [Iteration:  19/ 60][Train Loss: 67.3187][Time: 156.885 secs]
root: INFO: [Iteration:  20/ 60][Train Loss: 55.5756][Time: 155.917 secs]
root: INFO: [Iteration:  21/ 60][Train Loss: 82.6021][Time: 156.151 secs]
root: INFO: [Iteration:  22/ 60][Train Loss: 37.4572][Time: 155.370 secs]
root: INFO: [Iteration:  23/ 60][Train Loss: 67.8036][Time: 156.463 secs]
root: INFO: [Iteration:  24/ 60][Train Loss: 91.4613][Time: 155.542 secs]
root: INFO: [Iteration:  25/ 60][Train Loss: 57.6655][Time: 155.464 secs]
root: INFO: [Iteration:  26/ 60][Train Loss: 60.7714][Time: 157.041 secs]
root: INFO: [Iteration:  27/ 60][Train Loss: 65.8310][Time: 155.854 secs]
root: INFO: [Iteration:  28/ 60][Train Loss: 67.0655][Time: 155.823 secs]
root: INFO: [Iteration:  29/ 60][Train Loss: 41.1892][Time: 155.479 secs]
root: INFO: [Iteration:  30/ 60][Train Loss: 46.2918][Time: 155.370 secs]
root: INFO: [Iteration:  31/ 60][Train Loss: 36.3198][Time: 155.495 secs]
root: INFO: [Iteration:  32/ 60][Train Loss: 33.2673][Time: 155.713 secs]
root: INFO: [Iteration:  33/ 60][Train Loss: 51.7490][Time: 156.729 secs]
root: INFO: [Iteration:  34/ 60][Train Loss: 43.8747][Time: 155.401 secs]
root: INFO: [Iteration:  35/ 60][Train Loss: 29.8499][Time: 161.212 secs]
root: INFO: [Iteration:  36/ 60][Train Loss: 38.0459][Time: 156.479 secs]
root: INFO: [Iteration:  37/ 60][Train Loss: 68.8284][Time: 156.245 secs]
root: INFO: [Iteration:  38/ 60][Train Loss: 47.7060][Time: 156.713 secs]
root: INFO: [Iteration:  39/ 60][Train Loss: 35.6599][Time: 156.057 secs]
root: INFO: [Iteration:  40/ 60][Train Loss: 69.3727][Time: 155.448 secs]
root: INFO: [Iteration:  41/ 60][Train Loss: 27.7365][Time: 155.260 secs]
root: INFO: [Iteration:  42/ 60][Train Loss: 12.3983][Time: 155.807 secs]
root: INFO: [Iteration:  43/ 60][Train Loss: 31.8945][Time: 155.198 secs]
root: INFO: [Iteration:  44/ 60][Train Loss: 51.9148][Time: 155.870 secs]
root: INFO: [Iteration:  45/ 60][Train Loss: 48.9526][Time: 155.292 secs]
root: INFO: [Iteration:  46/ 60][Train Loss: 35.9926][Time: 156.138 secs]
root: INFO: [Iteration:  47/ 60][Train Loss: 32.9743][Time: 155.370 secs]
root: INFO: [Iteration:  48/ 60][Train Loss: 52.2429][Time: 155.901 secs]
root: INFO: [Iteration:  49/ 60][Train Loss: 34.2801][Time: 155.760 secs]
root: INFO: [Iteration:  50/ 60][Train Loss: 25.4317][Time: 155.854 secs]
root: INFO: [Iteration:  51/ 60][Train Loss: 46.2808][Time: 155.573 secs]
root: INFO: [Iteration:  52/ 60][Train Loss: 24.1971][Time: 155.901 secs]
root: INFO: [Iteration:  53/ 60][Train Loss: 36.6370][Time: 157.541 secs]
root: INFO: [Iteration:  54/ 60][Train Loss: 43.6811][Time: 155.401 secs]
root: INFO: [Iteration:  55/ 60][Train Loss: 17.0760][Time: 155.963 secs]
root: INFO: [Iteration:  56/ 60][Train Loss: 49.2747][Time: 155.963 secs]
root: INFO: [Iteration:  57/ 60][Train Loss: 39.8034][Time: 155.417 secs]
root: INFO: [Iteration:  58/ 60][Train Loss: 37.1923][Time: 155.354 secs]
root: INFO: [Iteration:  59/ 60][Train Loss: 19.7019][Time: 155.589 secs]
root: INFO: [Iteration:  60/ 60][Train Loss: 26.7854][Time: 156.370 secs]
root: INFO: [Evaluation: old top-50 mAP: 0.9010, top-50 mAP: 0.8797, top-100 NDCG: 0.4722, top-100 ACG: 2.0863]
