root: INFO: Namespace(arch='DVStH', batch_size=64, bits='16,24', epochs=60, eta=1e-06, gpu='0', learning_rate=0.0001, n_class=21, update_list='70')
root: INFO: 16
root: INFO: [Iteration:   1/ 60][Train Loss: 210.1700][Time: 158.551 secs]
root: INFO: [Iteration:   2/ 60][Train Loss: 142.3418][Time: 156.994 secs]
root: INFO: [Iteration:   3/ 60][Train Loss: 132.1624][Time: 156.773 secs]
root: INFO: [Iteration:   4/ 60][Train Loss: 130.4086][Time: 157.986 secs]
root: INFO: [Iteration:   5/ 60][Train Loss: 142.3293][Time: 156.666 secs]
root: INFO: [Iteration:   6/ 60][Train Loss: 108.5213][Time: 156.666 secs]
root: INFO: [Iteration:   7/ 60][Train Loss: 127.3695][Time: 157.244 secs]
root: INFO: [Iteration:   8/ 60][Train Loss: 79.6591][Time: 156.745 secs]
root: INFO: [Iteration:   9/ 60][Train Loss: 108.9020][Time: 156.963 secs]
root: INFO: [Iteration:  10/ 60][Train Loss: 99.0797][Time: 156.620 secs]
root: INFO: [Iteration:  11/ 60][Train Loss: 84.5401][Time: 157.619 secs]
root: INFO: [Iteration:  12/ 60][Train Loss: 66.9841][Time: 156.745 secs]
root: INFO: [Iteration:  13/ 60][Train Loss: 48.7017][Time: 156.776 secs]
root: INFO: [Iteration:  14/ 60][Train Loss: 82.2662][Time: 156.760 secs]
root: INFO: [Iteration:  15/ 60][Train Loss: 83.1833][Time: 157.119 secs]
root: INFO: [Iteration:  16/ 60][Train Loss: 64.8575][Time: 156.807 secs]
root: INFO: [Iteration:  17/ 60][Train Loss: 103.5059][Time: 157.385 secs]
root: INFO: [Iteration:  18/ 60][Train Loss: 83.7901][Time: 157.791 secs]
root: INFO: [Iteration:  19/ 60][Train Loss: 50.8687][Time: 156.807 secs]
root: INFO: [Iteration:  20/ 60][Train Loss: 73.3196][Time: 156.869 secs]
root: INFO: [Iteration:  21/ 60][Train Loss: 50.6721][Time: 156.635 secs]
root: INFO: [Iteration:  22/ 60][Train Loss: 75.1196][Time: 157.672 secs]
root: INFO: [Iteration:  23/ 60][Train Loss: 48.9818][Time: 157.410 secs]
root: INFO: [Iteration:  24/ 60][Train Loss: 108.4917][Time: 156.370 secs]
root: INFO: [Iteration:  25/ 60][Train Loss: 76.0661][Time: 157.729 secs]
root: INFO: [Iteration:  26/ 60][Train Loss: 53.2135][Time: 156.791 secs]
root: INFO: [Iteration:  27/ 60][Train Loss: 56.9588][Time: 156.557 secs]
root: INFO: [Iteration:  28/ 60][Train Loss: 73.5614][Time: 156.916 secs]
root: INFO: [Iteration:  29/ 60][Train Loss: 67.6458][Time: 156.354 secs]
root: INFO: [Iteration:  30/ 60][Train Loss: 56.5804][Time: 156.635 secs]
root: INFO: [Iteration:  31/ 60][Train Loss: 58.5115][Time: 156.448 secs]
root: INFO: [Iteration:  32/ 60][Train Loss: 60.6642][Time: 157.619 secs]
root: INFO: [Iteration:  33/ 60][Train Loss: 55.5925][Time: 156.713 secs]
root: INFO: [Iteration:  34/ 60][Train Loss: 57.5266][Time: 156.495 secs]
root: INFO: [Iteration:  35/ 60][Train Loss: 46.9827][Time: 157.119 secs]
root: INFO: [Iteration:  36/ 60][Train Loss: 50.7558][Time: 156.979 secs]
root: INFO: [Iteration:  37/ 60][Train Loss: 42.4592][Time: 156.338 secs]
root: INFO: [Iteration:  38/ 60][Train Loss: 40.8174][Time: 156.760 secs]
root: INFO: [Iteration:  39/ 60][Train Loss: 45.2852][Time: 157.447 secs]
root: INFO: [Iteration:  40/ 60][Train Loss: 29.4892][Time: 158.959 secs]
root: INFO: [Iteration:  41/ 60][Train Loss: 42.0320][Time: 156.588 secs]
root: INFO: [Iteration:  42/ 60][Train Loss: 36.6628][Time: 156.760 secs]
root: INFO: [Iteration:  43/ 60][Train Loss: 37.2413][Time: 156.260 secs]
root: INFO: [Iteration:  44/ 60][Train Loss: 57.7262][Time: 157.151 secs]
root: INFO: [Iteration:  45/ 60][Train Loss: 42.0356][Time: 156.588 secs]
root: INFO: [Iteration:  46/ 60][Train Loss: 35.0313][Time: 156.338 secs]
root: INFO: [Iteration:  47/ 60][Train Loss: 30.8520][Time: 156.416 secs]
root: INFO: [Iteration:  48/ 60][Train Loss: 40.4284][Time: 156.479 secs]
root: INFO: [Iteration:  49/ 60][Train Loss: 53.0411][Time: 156.307 secs]
root: INFO: [Iteration:  50/ 60][Train Loss: 19.8756][Time: 156.854 secs]
root: INFO: [Iteration:  51/ 60][Train Loss: 72.8067][Time: 157.526 secs]
root: INFO: [Iteration:  52/ 60][Train Loss: 74.4468][Time: 156.588 secs]
root: INFO: [Iteration:  53/ 60][Train Loss: 23.7194][Time: 156.338 secs]
root: INFO: [Iteration:  54/ 60][Train Loss: 25.6643][Time: 156.354 secs]
root: INFO: [Iteration:  55/ 60][Train Loss: 29.6333][Time: 157.979 secs]
root: INFO: [Iteration:  56/ 60][Train Loss: 46.5327][Time: 156.213 secs]
root: INFO: [Iteration:  57/ 60][Train Loss: 12.6227][Time: 156.354 secs]
root: INFO: [Iteration:  58/ 60][Train Loss: 31.4737][Time: 157.531 secs]
root: INFO: [Iteration:  59/ 60][Train Loss: 51.5458][Time: 156.901 secs]
root: INFO: [Iteration:  60/ 60][Train Loss: 21.5741][Time: 156.604 secs]
root: INFO: [Evaluation: old top-50 mAP: 0.8409, top-50 mAP: 0.7801, top-100 NDCG: 0.4021, top-100 ACG: 1.9330]
root: INFO: Namespace(arch='DVStH', batch_size=64, bits='16,24', epochs=60, eta=1e-06, gpu='0', learning_rate=0.0001, n_class=21, update_list='70')
root: INFO: 24
root: INFO: [Iteration:   1/ 60][Train Loss: 151.6563][Time: 155.229 secs]
root: INFO: [Iteration:   2/ 60][Train Loss: 127.1623][Time: 154.870 secs]
root: INFO: [Iteration:   3/ 60][Train Loss: 108.6209][Time: 154.761 secs]
root: INFO: [Iteration:   4/ 60][Train Loss: 104.5631][Time: 156.120 secs]
root: INFO: [Iteration:   5/ 60][Train Loss: 99.9066][Time: 155.823 secs]
root: INFO: [Iteration:   6/ 60][Train Loss: 93.6429][Time: 154.807 secs]
root: INFO: [Iteration:   7/ 60][Train Loss: 134.8178][Time: 155.120 secs]
root: INFO: [Iteration:   8/ 60][Train Loss: 72.7315][Time: 155.276 secs]
root: INFO: [Iteration:   9/ 60][Train Loss: 47.4054][Time: 154.995 secs]
root: INFO: [Iteration:  10/ 60][Train Loss: 107.8701][Time: 155.323 secs]
root: INFO: [Iteration:  11/ 60][Train Loss: 105.3364][Time: 156.104 secs]
root: INFO: [Iteration:  12/ 60][Train Loss: 94.6578][Time: 154.979 secs]
root: INFO: [Iteration:  13/ 60][Train Loss: 83.0980][Time: 154.995 secs]
root: INFO: [Iteration:  14/ 60][Train Loss: 110.3440][Time: 155.488 secs]
root: INFO: [Iteration:  15/ 60][Train Loss: 73.9383][Time: 155.167 secs]
root: INFO: [Iteration:  16/ 60][Train Loss: 56.8774][Time: 155.026 secs]
root: INFO: [Iteration:  17/ 60][Train Loss: 74.4782][Time: 155.292 secs]
root: INFO: [Iteration:  18/ 60][Train Loss: 53.5141][Time: 156.307 secs]
root: INFO: [Iteration:  19/ 60][Train Loss: 69.8867][Time: 154.823 secs]
root: INFO: [Iteration:  20/ 60][Train Loss: 77.2325][Time: 155.026 secs]
root: INFO: [Iteration:  21/ 60][Train Loss: 82.4750][Time: 155.323 secs]
root: INFO: [Iteration:  22/ 60][Train Loss: 46.7774][Time: 155.323 secs]
root: INFO: [Iteration:  23/ 60][Train Loss: 49.4778][Time: 155.214 secs]
root: INFO: [Iteration:  24/ 60][Train Loss: 65.9566][Time: 155.182 secs]
root: INFO: [Iteration:  25/ 60][Train Loss: 80.6888][Time: 156.370 secs]
root: INFO: [Iteration:  26/ 60][Train Loss: 74.9933][Time: 154.979 secs]
root: INFO: [Iteration:  27/ 60][Train Loss: 72.4127][Time: 154.870 secs]
root: INFO: [Iteration:  28/ 60][Train Loss: 52.6105][Time: 155.432 secs]
root: INFO: [Iteration:  29/ 60][Train Loss: 35.9075][Time: 155.167 secs]
root: INFO: [Iteration:  30/ 60][Train Loss: 59.8503][Time: 154.979 secs]
root: INFO: [Iteration:  31/ 60][Train Loss: 38.7372][Time: 155.011 secs]
root: INFO: [Iteration:  32/ 60][Train Loss: 76.0260][Time: 156.405 secs]
root: INFO: [Iteration:  33/ 60][Train Loss: 69.7773][Time: 155.167 secs]
root: INFO: [Iteration:  34/ 60][Train Loss: 36.5227][Time: 155.026 secs]
root: INFO: [Iteration:  35/ 60][Train Loss: 40.6800][Time: 155.120 secs]
root: INFO: [Iteration:  36/ 60][Train Loss: 38.4231][Time: 155.229 secs]
root: INFO: [Iteration:  37/ 60][Train Loss: 47.3006][Time: 154.698 secs]
root: INFO: [Iteration:  38/ 60][Train Loss: 62.1588][Time: 155.260 secs]
root: INFO: [Iteration:  39/ 60][Train Loss: 55.1496][Time: 156.416 secs]
root: INFO: [Iteration:  40/ 60][Train Loss: 42.0244][Time: 155.151 secs]
root: INFO: [Iteration:  41/ 60][Train Loss: 13.3557][Time: 154.917 secs]
root: INFO: [Iteration:  42/ 60][Train Loss: 36.4144][Time: 158.748 secs]
root: INFO: [Iteration:  43/ 60][Train Loss: 24.6403][Time: 167.276 secs]
root: INFO: [Iteration:  44/ 60][Train Loss: 33.7527][Time: 160.931 secs]
root: INFO: [Iteration:  45/ 60][Train Loss: 39.9811][Time: 161.543 secs]
root: INFO: [Iteration:  46/ 60][Train Loss: 43.0853][Time: 156.988 secs]
root: INFO: [Iteration:  47/ 60][Train Loss: 54.2331][Time: 156.336 secs]
root: INFO: [Iteration:  48/ 60][Train Loss: 48.1671][Time: 160.289 secs]
root: INFO: [Iteration:  49/ 60][Train Loss: 41.0790][Time: 160.003 secs]
root: INFO: [Iteration:  50/ 60][Train Loss: 24.9475][Time: 158.243 secs]
root: INFO: [Iteration:  51/ 60][Train Loss: 34.0833][Time: 158.894 secs]
root: INFO: [Iteration:  52/ 60][Train Loss: 27.4113][Time: 157.715 secs]
root: INFO: [Iteration:  53/ 60][Train Loss: 31.7595][Time: 158.855 secs]
root: INFO: [Iteration:  54/ 60][Train Loss: 39.3635][Time: 155.967 secs]
root: INFO: [Iteration:  55/ 60][Train Loss: 25.5841][Time: 155.923 secs]
root: INFO: [Iteration:  56/ 60][Train Loss: 30.8962][Time: 155.743 secs]
root: INFO: [Iteration:  57/ 60][Train Loss: 39.6156][Time: 156.713 secs]
root: INFO: [Iteration:  58/ 60][Train Loss: 39.2505][Time: 156.245 secs]
root: INFO: [Iteration:  59/ 60][Train Loss: 14.7935][Time: 155.623 secs]
root: INFO: [Iteration:  60/ 60][Train Loss: 15.4810][Time: 156.008 secs]
root: INFO: [Evaluation: old top-50 mAP: 0.8851, top-50 mAP: 0.8461, top-100 NDCG: 0.4393, top-100 ACG: 1.9566]
