root: INFO: Namespace(alpha=1, arch='SSDH', batch_size=64, beta=1, bits='8,32', epochs=60, gpu='0', learning_rate=0.0001, n_class=21, update_list='70')
root: INFO: 8
root: INFO: [Iteration:   1/ 60][Train Loss: 7.1311][Time: 144.522 secs]
root: INFO: [Iteration:   2/ 60][Train Loss: 6.5280][Time: 141.951 secs]
root: INFO: [Iteration:   3/ 60][Train Loss: 9.4471][Time: 141.654 secs]
root: INFO: [Iteration:   4/ 60][Train Loss: 2.9080][Time: 142.279 secs]
root: INFO: [Iteration:   5/ 60][Train Loss: 3.7930][Time: 144.451 secs]
root: INFO: [Iteration:   6/ 60][Train Loss: 5.1005][Time: 142.264 secs]
root: INFO: [Iteration:   7/ 60][Train Loss: 4.7562][Time: 141.576 secs]
root: INFO: [Iteration:   8/ 60][Train Loss: 2.4447][Time: 141.720 secs]
root: INFO: [Iteration:   9/ 60][Train Loss: 3.1131][Time: 142.000 secs]
root: INFO: [Iteration:  10/ 60][Train Loss: 2.0687][Time: 141.826 secs]
root: INFO: [Iteration:  11/ 60][Train Loss: 5.3857][Time: 141.357 secs]
root: INFO: [Iteration:  12/ 60][Train Loss: 1.9282][Time: 141.514 secs]
root: INFO: [Iteration:  13/ 60][Train Loss: 5.2538][Time: 141.389 secs]
root: INFO: [Iteration:  14/ 60][Train Loss: 7.8056][Time: 141.311 secs]
root: INFO: [Iteration:  15/ 60][Train Loss: 2.0796][Time: 141.264 secs]
root: INFO: [Iteration:  16/ 60][Train Loss: 5.9734][Time: 141.779 secs]
root: INFO: [Iteration:  17/ 60][Train Loss: 2.0752][Time: 141.389 secs]
root: INFO: [Iteration:  18/ 60][Train Loss: 1.9041][Time: 141.514 secs]
root: INFO: [Iteration:  19/ 60][Train Loss: 3.9143][Time: 141.498 secs]
root: INFO: [Iteration:  20/ 60][Train Loss: 3.0342][Time: 141.592 secs]
root: INFO: [Iteration:  21/ 60][Train Loss: 4.2907][Time: 141.654 secs]
root: INFO: [Iteration:  22/ 60][Train Loss: 6.2101][Time: 141.670 secs]
root: INFO: [Iteration:  23/ 60][Train Loss: 4.6058][Time: 141.451 secs]
root: INFO: [Iteration:  24/ 60][Train Loss: 5.5049][Time: 141.514 secs]
root: INFO: [Iteration:  25/ 60][Train Loss: 4.2417][Time: 141.404 secs]
root: INFO: [Iteration:  26/ 60][Train Loss: 1.3504][Time: 141.545 secs]
root: INFO: [Iteration:  27/ 60][Train Loss: 3.6292][Time: 141.248 secs]
root: INFO: [Iteration:  28/ 60][Train Loss: 4.5945][Time: 141.520 secs]
root: INFO: [Iteration:  29/ 60][Train Loss: 6.2020][Time: 141.327 secs]
root: INFO: [Iteration:  30/ 60][Train Loss: 4.3094][Time: 142.185 secs]
root: INFO: [Iteration:  31/ 60][Train Loss: 4.0019][Time: 141.233 secs]
root: INFO: [Iteration:  32/ 60][Train Loss: 2.3328][Time: 141.701 secs]
root: INFO: [Iteration:  33/ 60][Train Loss: 4.4244][Time: 141.654 secs]
root: INFO: [Iteration:  34/ 60][Train Loss: 4.5478][Time: 141.514 secs]
root: INFO: [Iteration:  35/ 60][Train Loss: 4.6705][Time: 141.342 secs]
root: INFO: [Iteration:  36/ 60][Train Loss: 2.8155][Time: 141.639 secs]
root: INFO: [Iteration:  37/ 60][Train Loss: 4.2151][Time: 141.686 secs]
root: INFO: [Iteration:  38/ 60][Train Loss: 2.6022][Time: 142.342 secs]
root: INFO: [Iteration:  39/ 60][Train Loss: 4.1436][Time: 141.686 secs]
root: INFO: [Iteration:  40/ 60][Train Loss: 5.1290][Time: 141.404 secs]
root: INFO: [Iteration:  41/ 60][Train Loss: 3.3926][Time: 141.561 secs]
root: INFO: [Iteration:  42/ 60][Train Loss: 0.5100][Time: 141.576 secs]
root: INFO: [Iteration:  43/ 60][Train Loss: 0.9946][Time: 141.295 secs]
root: INFO: [Iteration:  44/ 60][Train Loss: 4.3147][Time: 141.639 secs]
root: INFO: [Iteration:  45/ 60][Train Loss: 3.0582][Time: 141.295 secs]
root: INFO: [Iteration:  46/ 60][Train Loss: 0.8665][Time: 141.732 secs]
root: INFO: [Iteration:  47/ 60][Train Loss: 4.2845][Time: 141.670 secs]
root: INFO: [Iteration:  48/ 60][Train Loss: 2.3196][Time: 142.134 secs]
root: INFO: [Iteration:  49/ 60][Train Loss: 3.1933][Time: 141.154 secs]
root: INFO: [Iteration:  50/ 60][Train Loss: 6.4526][Time: 141.561 secs]
root: INFO: [Iteration:  51/ 60][Train Loss: 5.4765][Time: 141.248 secs]
root: INFO: [Iteration:  52/ 60][Train Loss: 5.1856][Time: 141.779 secs]
root: INFO: [Iteration:  53/ 60][Train Loss: 4.3938][Time: 141.217 secs]
root: INFO: [Iteration:  54/ 60][Train Loss: 1.8622][Time: 141.811 secs]
root: INFO: [Iteration:  55/ 60][Train Loss: 1.9321][Time: 141.623 secs]
root: INFO: [Iteration:  56/ 60][Train Loss: 3.0165][Time: 141.889 secs]
root: INFO: [Iteration:  57/ 60][Train Loss: 3.6896][Time: 141.279 secs]
root: INFO: [Iteration:  58/ 60][Train Loss: 0.7758][Time: 141.607 secs]
root: INFO: [Iteration:  59/ 60][Train Loss: 6.6277][Time: 141.342 secs]
root: INFO: [Iteration:  60/ 60][Train Loss: 4.6126][Time: 141.732 secs]
root: INFO: [Evaluation: old top-50 mAP: 0.8701, top-50 mAP: 0.8152, top-100 NDCG: 0.3601, top-100 ACG: 1.7822]
root: INFO: Namespace(alpha=1, arch='SSDH', batch_size=64, beta=1, bits='8,32', epochs=60, gpu='0', learning_rate=0.0001, n_class=21, update_list='70')
root: INFO: 32
root: INFO: [Iteration:   1/ 60][Train Loss: 7.7678][Time: 142.045 secs]
root: INFO: [Iteration:   2/ 60][Train Loss: 7.5675][Time: 141.576 secs]
root: INFO: [Iteration:   3/ 60][Train Loss: 7.9228][Time: 141.654 secs]
root: INFO: [Iteration:   4/ 60][Train Loss: 3.5210][Time: 141.451 secs]
root: INFO: [Iteration:   5/ 60][Train Loss: 6.5750][Time: 141.233 secs]
root: INFO: [Iteration:   6/ 60][Train Loss: 5.2344][Time: 141.773 secs]
root: INFO: [Iteration:   7/ 60][Train Loss: 4.3076][Time: 141.529 secs]
root: INFO: [Iteration:   8/ 60][Train Loss: 5.3692][Time: 142.107 secs]
root: INFO: [Iteration:   9/ 60][Train Loss: 2.9541][Time: 141.451 secs]
root: INFO: [Iteration:  10/ 60][Train Loss: 5.7888][Time: 141.639 secs]
root: INFO: [Iteration:  11/ 60][Train Loss: 6.5597][Time: 141.920 secs]
root: INFO: [Iteration:  12/ 60][Train Loss: 5.8392][Time: 141.857 secs]
root: INFO: [Iteration:  13/ 60][Train Loss: 5.4450][Time: 141.576 secs]
root: INFO: [Iteration:  14/ 60][Train Loss: 3.1083][Time: 141.639 secs]
root: INFO: [Iteration:  15/ 60][Train Loss: 3.6548][Time: 141.404 secs]
root: INFO: [Iteration:  16/ 60][Train Loss: 3.7543][Time: 141.342 secs]
root: INFO: [Iteration:  17/ 60][Train Loss: 5.4873][Time: 141.311 secs]
root: INFO: [Iteration:  18/ 60][Train Loss: 5.4284][Time: 141.561 secs]
root: INFO: [Iteration:  19/ 60][Train Loss: 4.0584][Time: 142.107 secs]
root: INFO: [Iteration:  20/ 60][Train Loss: 2.4663][Time: 143.638 secs]
root: INFO: [Iteration:  21/ 60][Train Loss: 4.1651][Time: 142.107 secs]
root: INFO: [Iteration:  22/ 60][Train Loss: 3.2682][Time: 142.342 secs]
root: INFO: [Iteration:  23/ 60][Train Loss: 4.0844][Time: 141.811 secs]
root: INFO: [Iteration:  24/ 60][Train Loss: 2.7619][Time: 142.592 secs]
root: INFO: [Iteration:  25/ 60][Train Loss: 4.6892][Time: 142.604 secs]
root: INFO: [Iteration:  26/ 60][Train Loss: 4.0174][Time: 142.217 secs]
root: INFO: [Iteration:  27/ 60][Train Loss: 2.6629][Time: 141.701 secs]
root: INFO: [Iteration:  28/ 60][Train Loss: 2.6840][Time: 142.092 secs]
root: INFO: [Iteration:  29/ 60][Train Loss: 3.3031][Time: 141.811 secs]
root: INFO: [Iteration:  30/ 60][Train Loss: 3.6703][Time: 142.076 secs]
root: INFO: [Iteration:  31/ 60][Train Loss: 3.8803][Time: 141.951 secs]
root: INFO: [Iteration:  32/ 60][Train Loss: 4.3335][Time: 142.279 secs]
root: INFO: [Iteration:  33/ 60][Train Loss: 2.7238][Time: 142.107 secs]
root: INFO: [Iteration:  34/ 60][Train Loss: 3.5390][Time: 142.326 secs]
root: INFO: [Iteration:  35/ 60][Train Loss: 3.2118][Time: 141.967 secs]
root: INFO: [Iteration:  36/ 60][Train Loss: 5.2256][Time: 141.935 secs]
root: INFO: [Iteration:  37/ 60][Train Loss: 3.2326][Time: 141.998 secs]
root: INFO: [Iteration:  38/ 60][Train Loss: 1.4072][Time: 142.076 secs]
root: INFO: [Iteration:  39/ 60][Train Loss: 2.7715][Time: 142.170 secs]
root: INFO: [Iteration:  40/ 60][Train Loss: 3.2594][Time: 142.498 secs]
root: INFO: [Iteration:  41/ 60][Train Loss: 2.4714][Time: 142.060 secs]
root: INFO: [Iteration:  42/ 60][Train Loss: 4.9066][Time: 141.748 secs]
root: INFO: [Iteration:  43/ 60][Train Loss: 0.5851][Time: 141.951 secs]
root: INFO: [Iteration:  44/ 60][Train Loss: 4.3641][Time: 142.529 secs]
root: INFO: [Iteration:  45/ 60][Train Loss: 4.6249][Time: 141.951 secs]
root: INFO: [Iteration:  46/ 60][Train Loss: 3.6681][Time: 142.076 secs]
root: INFO: [Iteration:  47/ 60][Train Loss: 3.2593][Time: 141.967 secs]
root: INFO: [Iteration:  48/ 60][Train Loss: 1.2887][Time: 142.904 secs]
root: INFO: [Iteration:  49/ 60][Train Loss: 4.8493][Time: 142.060 secs]
root: INFO: [Iteration:  50/ 60][Train Loss: 4.9882][Time: 142.092 secs]
root: INFO: [Iteration:  51/ 60][Train Loss: 3.5454][Time: 141.717 secs]
root: INFO: [Iteration:  52/ 60][Train Loss: 1.6066][Time: 142.326 secs]
root: INFO: [Iteration:  53/ 60][Train Loss: 1.8018][Time: 141.982 secs]
root: INFO: [Iteration:  54/ 60][Train Loss: 4.8732][Time: 142.232 secs]
root: INFO: [Iteration:  55/ 60][Train Loss: 6.1408][Time: 149.815 secs]
root: INFO: [Iteration:  56/ 60][Train Loss: 2.9017][Time: 145.757 secs]
root: INFO: [Iteration:  57/ 60][Train Loss: 1.2437][Time: 142.045 secs]
root: INFO: [Iteration:  58/ 60][Train Loss: 4.1925][Time: 142.154 secs]
root: INFO: [Iteration:  59/ 60][Train Loss: 3.3743][Time: 142.217 secs]
root: INFO: [Iteration:  60/ 60][Train Loss: 3.8162][Time: 142.201 secs]
root: INFO: [Evaluation: old top-50 mAP: 0.8979, top-50 mAP: 0.8507, top-100 NDCG: 0.4500, top-100 ACG: 2.0287]
