root: INFO: Namespace(alpha=1, arch='SSDH', batch_size=64, beta=1, bits='16,24', epochs=60, gpu='0', learning_rate=0.0001, n_class=21, update_list='70')
root: INFO: 16
root: INFO: [Iteration:   1/ 60][Train Loss: 7.8376][Time: 143.332 secs]
root: INFO: [Iteration:   2/ 60][Train Loss: 6.0523][Time: 142.123 secs]
root: INFO: [Iteration:   3/ 60][Train Loss: 5.1318][Time: 142.060 secs]
root: INFO: [Iteration:   4/ 60][Train Loss: 6.2588][Time: 141.810 secs]
root: INFO: [Iteration:   5/ 60][Train Loss: 6.0163][Time: 142.170 secs]
root: INFO: [Iteration:   6/ 60][Train Loss: 5.6460][Time: 142.170 secs]
root: INFO: [Iteration:   7/ 60][Train Loss: 6.6548][Time: 141.811 secs]
root: INFO: [Iteration:   8/ 60][Train Loss: 4.0799][Time: 141.576 secs]
root: INFO: [Iteration:   9/ 60][Train Loss: 5.4921][Time: 142.076 secs]
root: INFO: [Iteration:  10/ 60][Train Loss: 4.1898][Time: 142.045 secs]
root: INFO: [Iteration:  11/ 60][Train Loss: 5.7623][Time: 141.717 secs]
root: INFO: [Iteration:  12/ 60][Train Loss: 3.8303][Time: 141.971 secs]
root: INFO: [Iteration:  13/ 60][Train Loss: 8.6971][Time: 141.884 secs]
root: INFO: [Iteration:  14/ 60][Train Loss: 2.3728][Time: 141.639 secs]
root: INFO: [Iteration:  15/ 60][Train Loss: 3.1856][Time: 142.170 secs]
root: INFO: [Iteration:  16/ 60][Train Loss: 3.5726][Time: 141.420 secs]
root: INFO: [Iteration:  17/ 60][Train Loss: 5.3884][Time: 141.607 secs]
root: INFO: [Iteration:  18/ 60][Train Loss: 4.1569][Time: 141.420 secs]
root: INFO: [Iteration:  19/ 60][Train Loss: 5.1290][Time: 141.654 secs]
root: INFO: [Iteration:  20/ 60][Train Loss: 2.9563][Time: 141.420 secs]
root: INFO: [Iteration:  21/ 60][Train Loss: 4.4795][Time: 142.060 secs]
root: INFO: [Iteration:  22/ 60][Train Loss: 6.9460][Time: 142.092 secs]
root: INFO: [Iteration:  23/ 60][Train Loss: 4.2585][Time: 141.764 secs]
root: INFO: [Iteration:  24/ 60][Train Loss: 4.8165][Time: 142.014 secs]
root: INFO: [Iteration:  25/ 60][Train Loss: 5.2684][Time: 141.732 secs]
root: INFO: [Iteration:  26/ 60][Train Loss: 2.9010][Time: 141.467 secs]
root: INFO: [Iteration:  27/ 60][Train Loss: 5.4407][Time: 141.639 secs]
root: INFO: [Iteration:  28/ 60][Train Loss: 4.5824][Time: 141.529 secs]
root: INFO: [Iteration:  29/ 60][Train Loss: 3.0283][Time: 142.014 secs]
root: INFO: [Iteration:  30/ 60][Train Loss: 4.8421][Time: 142.107 secs]
root: INFO: [Iteration:  31/ 60][Train Loss: 3.0019][Time: 141.701 secs]
root: INFO: [Iteration:  32/ 60][Train Loss: 2.6106][Time: 141.342 secs]
root: INFO: [Iteration:  33/ 60][Train Loss: 4.1250][Time: 141.793 secs]
root: INFO: [Iteration:  34/ 60][Train Loss: 5.0633][Time: 141.967 secs]
root: INFO: [Iteration:  35/ 60][Train Loss: 3.0788][Time: 141.748 secs]
root: INFO: [Iteration:  36/ 60][Train Loss: 4.0731][Time: 141.654 secs]
root: INFO: [Iteration:  37/ 60][Train Loss: 2.1184][Time: 141.920 secs]
root: INFO: [Iteration:  38/ 60][Train Loss: 2.8679][Time: 141.436 secs]
root: INFO: [Iteration:  39/ 60][Train Loss: 6.0898][Time: 141.498 secs]
root: INFO: [Iteration:  40/ 60][Train Loss: 5.3916][Time: 141.607 secs]
root: INFO: [Iteration:  41/ 60][Train Loss: 3.6919][Time: 141.561 secs]
root: INFO: [Iteration:  42/ 60][Train Loss: 2.1195][Time: 141.326 secs]
root: INFO: [Iteration:  43/ 60][Train Loss: 2.4332][Time: 142.014 secs]
root: INFO: [Iteration:  44/ 60][Train Loss: 3.5945][Time: 141.373 secs]
root: INFO: [Iteration:  45/ 60][Train Loss: 6.6891][Time: 141.623 secs]
root: INFO: [Iteration:  46/ 60][Train Loss: 2.6844][Time: 141.873 secs]
root: INFO: [Iteration:  47/ 60][Train Loss: 3.7479][Time: 141.873 secs]
root: INFO: [Iteration:  48/ 60][Train Loss: 2.8423][Time: 141.764 secs]
root: INFO: [Iteration:  49/ 60][Train Loss: 5.0697][Time: 141.701 secs]
root: INFO: [Iteration:  50/ 60][Train Loss: 3.8131][Time: 141.467 secs]
root: INFO: [Iteration:  51/ 60][Train Loss: 5.0076][Time: 141.764 secs]
root: INFO: [Iteration:  52/ 60][Train Loss: 7.1759][Time: 141.868 secs]
root: INFO: [Iteration:  53/ 60][Train Loss: 4.9670][Time: 142.513 secs]
root: INFO: [Iteration:  54/ 60][Train Loss: 3.1776][Time: 141.561 secs]
root: INFO: [Iteration:  55/ 60][Train Loss: 4.0716][Time: 141.639 secs]
root: INFO: [Iteration:  56/ 60][Train Loss: 3.9706][Time: 141.420 secs]
root: INFO: [Iteration:  57/ 60][Train Loss: 4.9503][Time: 142.045 secs]
root: INFO: [Iteration:  58/ 60][Train Loss: 4.7723][Time: 141.248 secs]
root: INFO: [Iteration:  59/ 60][Train Loss: 4.8422][Time: 141.920 secs]
root: INFO: [Iteration:  60/ 60][Train Loss: 1.2991][Time: 141.373 secs]
root: INFO: [Evaluation: old top-50 mAP: 0.8836, top-50 mAP: 0.8321, top-100 NDCG: 0.4093, top-100 ACG: 1.9275]
root: INFO: Namespace(alpha=1, arch='SSDH', batch_size=64, beta=1, bits='16,24', epochs=60, gpu='0', learning_rate=0.0001, n_class=21, update_list='70')
root: INFO: 24
root: INFO: [Iteration:   1/ 60][Train Loss: 8.5012][Time: 142.654 secs]
root: INFO: [Iteration:   2/ 60][Train Loss: 6.4059][Time: 141.451 secs]
root: INFO: [Iteration:   3/ 60][Train Loss: 4.3913][Time: 141.998 secs]
root: INFO: [Iteration:   4/ 60][Train Loss: 5.2778][Time: 141.514 secs]
root: INFO: [Iteration:   5/ 60][Train Loss: 4.9025][Time: 143.045 secs]
root: INFO: [Iteration:   6/ 60][Train Loss: 10.1053][Time: 141.779 secs]
root: INFO: [Iteration:   7/ 60][Train Loss: 8.5488][Time: 141.826 secs]
root: INFO: [Iteration:   8/ 60][Train Loss: 5.0788][Time: 142.388 secs]
root: INFO: [Iteration:   9/ 60][Train Loss: 4.5334][Time: 141.686 secs]
root: INFO: [Iteration:  10/ 60][Train Loss: 3.5030][Time: 141.465 secs]
root: INFO: [Iteration:  11/ 60][Train Loss: 9.9842][Time: 141.811 secs]
root: INFO: [Iteration:  12/ 60][Train Loss: 4.4583][Time: 141.670 secs]
root: INFO: [Iteration:  13/ 60][Train Loss: 5.6552][Time: 141.592 secs]
root: INFO: [Iteration:  14/ 60][Train Loss: 4.8521][Time: 141.670 secs]
root: INFO: [Iteration:  15/ 60][Train Loss: 7.8256][Time: 143.982 secs]
root: INFO: [Iteration:  16/ 60][Train Loss: 4.3698][Time: 141.858 secs]
root: INFO: [Iteration:  17/ 60][Train Loss: 5.1709][Time: 142.373 secs]
root: INFO: [Iteration:  18/ 60][Train Loss: 8.3591][Time: 141.873 secs]
root: INFO: [Iteration:  19/ 60][Train Loss: 4.3871][Time: 141.889 secs]
root: INFO: [Iteration:  20/ 60][Train Loss: 6.6264][Time: 142.498 secs]
root: INFO: [Iteration:  21/ 60][Train Loss: 5.7254][Time: 141.670 secs]
root: INFO: [Iteration:  22/ 60][Train Loss: 6.6415][Time: 141.654 secs]
root: INFO: [Iteration:  23/ 60][Train Loss: 2.4883][Time: 141.779 secs]
root: INFO: [Iteration:  24/ 60][Train Loss: 4.5592][Time: 150.991 secs]
root: INFO: [Iteration:  25/ 60][Train Loss: 6.2652][Time: 147.378 secs]
root: INFO: [Iteration:  26/ 60][Train Loss: 3.1183][Time: 141.639 secs]
root: INFO: [Iteration:  27/ 60][Train Loss: 4.2640][Time: 141.967 secs]
root: INFO: [Iteration:  28/ 60][Train Loss: 4.8251][Time: 141.779 secs]
root: INFO: [Iteration:  29/ 60][Train Loss: 4.8443][Time: 142.354 secs]
root: INFO: [Iteration:  30/ 60][Train Loss: 2.5090][Time: 142.459 secs]
root: INFO: [Iteration:  31/ 60][Train Loss: 5.5223][Time: 141.623 secs]
root: INFO: [Iteration:  32/ 60][Train Loss: 5.0280][Time: 141.295 secs]
root: INFO: [Iteration:  33/ 60][Train Loss: 2.8597][Time: 141.857 secs]
root: INFO: [Iteration:  34/ 60][Train Loss: 4.2738][Time: 141.607 secs]
root: INFO: [Iteration:  35/ 60][Train Loss: 4.1129][Time: 141.826 secs]
root: INFO: [Iteration:  36/ 60][Train Loss: 3.1319][Time: 141.326 secs]
root: INFO: [Iteration:  37/ 60][Train Loss: 2.5181][Time: 141.529 secs]
root: INFO: [Iteration:  38/ 60][Train Loss: 5.7467][Time: 142.279 secs]
root: INFO: [Iteration:  39/ 60][Train Loss: 5.4617][Time: 141.654 secs]
root: INFO: [Iteration:  40/ 60][Train Loss: 1.9796][Time: 141.404 secs]
root: INFO: [Iteration:  41/ 60][Train Loss: 4.8105][Time: 142.904 secs]
root: INFO: [Iteration:  42/ 60][Train Loss: 2.4945][Time: 141.451 secs]
root: INFO: [Iteration:  43/ 60][Train Loss: 5.1220][Time: 141.404 secs]
root: INFO: [Iteration:  44/ 60][Train Loss: 4.7348][Time: 141.373 secs]
root: INFO: [Iteration:  45/ 60][Train Loss: 2.4350][Time: 142.154 secs]
root: INFO: [Iteration:  46/ 60][Train Loss: 4.9944][Time: 141.592 secs]
root: INFO: [Iteration:  47/ 60][Train Loss: 2.1478][Time: 141.545 secs]
root: INFO: [Iteration:  48/ 60][Train Loss: 2.7364][Time: 141.482 secs]
root: INFO: [Iteration:  49/ 60][Train Loss: 2.3376][Time: 141.842 secs]
root: INFO: [Iteration:  50/ 60][Train Loss: 5.2640][Time: 141.496 secs]
root: INFO: [Iteration:  51/ 60][Train Loss: 2.8116][Time: 141.795 secs]
root: INFO: [Iteration:  52/ 60][Train Loss: 2.3598][Time: 141.514 secs]
root: INFO: [Iteration:  53/ 60][Train Loss: 3.0238][Time: 141.935 secs]
root: INFO: [Iteration:  54/ 60][Train Loss: 4.7494][Time: 141.639 secs]
root: INFO: [Iteration:  55/ 60][Train Loss: 5.3264][Time: 141.654 secs]
root: INFO: [Iteration:  56/ 60][Train Loss: 4.0292][Time: 141.811 secs]
root: INFO: [Iteration:  57/ 60][Train Loss: 3.6482][Time: 141.592 secs]
root: INFO: [Iteration:  58/ 60][Train Loss: 4.4990][Time: 141.451 secs]
root: INFO: [Iteration:  59/ 60][Train Loss: 4.1283][Time: 141.811 secs]
root: INFO: [Iteration:  60/ 60][Train Loss: 2.0162][Time: 141.482 secs]
root: INFO: [Evaluation: old top-50 mAP: 0.8934, top-50 mAP: 0.8475, top-100 NDCG: 0.4361, top-100 ACG: 1.9941]
